<?xml version="1.0" encoding="UTF-8"?>
<!-- Generated by org.testng.reporters.JUnitReportReporter -->
<testsuite hostname="DESKTOP-O661JFO" failures="0" tests="4" name="javaPackage.TestNG3" time="0.029" errors="0" timestamp="31 Mar 2026 11:59:56 GMT">
  <testcase classname="javaPackage.TestNG3" name="c" time="0.003"/>
  <testcase classname="javaPackage.TestNG3" name="b" time="0.003"/>
  <testcase classname="javaPackage.TestNG3" name="a" time="0.020"/>
  <testcase classname="javaPackage.TestNG3" name="d" time="0.003"/>
</testsuite> <!-- javaPackage.TestNG3 -->
