<?xml version="1.0" encoding="UTF-8"?>
<!-- Generated by org.testng.reporters.JUnitReportReporter -->
<testsuite hostname="DESKTOP-O661JFO" failures="0" tests="4" name="javaPackage.TestNG2" time="0.003" errors="0" timestamp="19 Feb 2026 17:28:48 GMT">
  <testcase classname="javaPackage.TestNG2" name="a1" time="0.000"/>
  <testcase classname="javaPackage.TestNG2" name="z" time="0.001"/>
  <testcase classname="javaPackage.TestNG2" name="ab" time="0.001"/>
  <testcase classname="javaPackage.TestNG2" name="a3" time="0.001"/>
</testsuite> <!-- javaPackage.TestNG2 -->
