<?xml version="1.0" encoding="UTF-8"?>
<!-- Generated by org.testng.reporters.JUnitReportReporter -->
<testsuite hostname="DESKTOP-O661JFO" failures="0" tests="6" name="javaPackage.TestNG7" time="0.006" errors="0" timestamp="19 Feb 2026 17:28:48 GMT">
  <testcase classname="javaPackage.TestNG7" name="b" time="0.001"/>
  <testcase classname="javaPackage.TestNG7" name="a" time="0.000"/>
  <testcase classname="javaPackage.TestNG7" name="d" time="0.001"/>
  <testcase classname="javaPackage.TestNG7" name="e" time="0.001"/>
  <testcase classname="javaPackage.TestNG7" name="c" time="0.001"/>
  <testcase classname="javaPackage.TestNG7" name="f" time="0.002"/>
</testsuite> <!-- javaPackage.TestNG7 -->
