<?xml version="1.0" encoding="UTF-8"?>
<!-- Generated by org.testng.reporters.JUnitXMLReporter -->
<testsuite hostname="DESKTOP-O661JFO" failures="1" tests="28" name="Test" time="0.077" errors="0" timestamp="19 Feb 2026 17:28:48 GMT">
  <testcase classname="javaPackage.TestNG3" name="a" time="0.005"/>
  <testcase classname="javaPackage.TestNG5" name="c" time="0.001"/>
  <testcase classname="javaPackage.TestNG5" name="a" time="0.001"/>
  <testcase classname="javaPackage.TestNG6" name="a" time="0.004"/>
  <testcase classname="javaPackage.TestNG6" name="b" time="0.001"/>
  <testcase classname="javaPackage.TestNG6" name="c" time="0.002">
    <failure type="java.lang.AssertionError" message="expected [true] but found [false]">
      <![CDATA[java.lang.AssertionError: expected [true] but found [false]
	at javaPackage.TestNG6.c(TestNG6.java:22)
... Removed 26 stack frames]]>
    </failure>
  </testcase> <!-- c -->
  <testcase classname="javaPackage.TestNG6" name="e" time="0.001"/>
  <testcase classname="javaPackage.TestNG3" name="c" time="0.001"/>
  <testcase classname="javaPackage.TestNG3" name="d" time="0.001"/>
  <testcase classname="javaPackage.TestNG4" name="c" time="0.002"/>
  <testcase classname="javaPackage.TestNG4" name="d" time="0.001"/>
  <testcase classname="javaPackage.TestNG4" name="d" time="0.001"/>
  <testcase classname="javaPackage.TestNG4" name="f" time="0.001">
    <skipped/>
  </testcase> <!-- f -->
  <testcase classname="javaPackage.TestNG7" name="a" time="0.0"/>
  <testcase classname="javaPackage.TestNG7" name="b" time="0.001"/>
  <testcase classname="javaPackage.TestNG7" name="c" time="0.001"/>
  <testcase classname="javaPackage.TestNG7" name="d" time="0.001"/>
  <testcase classname="javaPackage.TestNG7" name="e" time="0.001"/>
  <testcase classname="javaPackage.TestNG7" name="f" time="0.002"/>
  <testcase classname="javaPackage.TestNG1" name="B1" time="0.001"/>
  <testcase classname="javaPackage.TestNG1" name="a1" time="0.0"/>
  <testcase classname="javaPackage.TestNG1" name="a2" time="0.001"/>
  <testcase classname="javaPackage.TestNG2" name="a1" time="0.0"/>
  <testcase classname="javaPackage.TestNG2" name="a3" time="0.001"/>
  <testcase classname="javaPackage.TestNG2" name="ab" time="0.001"/>
  <testcase classname="javaPackage.TestNG2" name="z" time="0.001"/>
  <testcase classname="javaPackage.TestNG3" name="b" time="0.001"/>
  <testcase classname="javaPackage.TestNG6" name="d" time="0.0">
    <skipped/>
  </testcase> <!-- d -->
</testsuite> <!-- Test -->
